pp.pa.alerts.ear
pp.pa.associate.ear
pp.pa.contextswitch.ear
pp.pa.eaitrigger.ear
pp.pa.eforms.ear
pp.pa.form.era.ear
pp.pa.funfp.ear
pp.pa.ia.manage.ear
pp.pa.ia.onlineservices.ear
pp.pa.ia.viewcontent.ear
pp.pa.login.ear
pp.pa.manage.orgs.ear
pp.pa.pcpreportscheduler.ear
pp.pa.pharmacy.ear
pp.pa.registration.ear
pp.pa.reports.ear
pp.pa.searchcenter.ear
pp.pa.sitemapsecure.ear
pp.pa.sso.clearclaimsconnection.ear
pp.pa.sso.mckesson.ear
pp.pa.usercleanupscheduler.ear
pp.bcbsma.wcm.plugin.ear
pp.theme.providercentral.ear
pp.theme.providercentral.v2.ear
pp.wcm.jspcmpts.ear
pp.dojo.profile.ear
pp.pa.manage.profile.ear
pp.pa.rbb.ear
pp.pa.training.ear